<?xml version="1.0" encoding="UTF-8"?>
<!-- Generated by org.testng.reporters.JUnitXMLReporter -->
<testsuite ignored="0" hostname="inlen8520015687" failures="0" tests="0" name="Ebay Functionalities" time="0.067" errors="0" timestamp="2022-05-01T10:46:44 IST">
  <testcase classname="io.cucumber.testng.AbstractTestNGCucumberTests" name="@BeforeClass setUpClass" time="0.037">
    <failure type="java.lang.IllegalArgumentException" message="Invalid tag expression at &amp;apos;com.cg.MainTestRunner&amp;apos;">
      <![CDATA[java.lang.IllegalArgumentException: Invalid tag expression at 'com.cg.MainTestRunner'
at io.cucumber.core.options.CucumberOptionsAnnotationParser.addTags(CucumberOptionsAnnotationParser.java:78)
at io.cucumber.core.options.CucumberOptionsAnnotationParser.parse(CucumberOptionsAnnotationParser.java:40)
at io.cucumber.testng.TestNGCucumberRunner.<init>(TestNGCucumberRunner.java:85)
at io.cucumber.testng.AbstractTestNGCucumberTests.setUpClass(AbstractTestNGCucumberTests.java:27)
at java.base/java.util.ArrayList.forEach(ArrayList.java:1511)
at java.base/java.util.concurrent.FutureTask.run(FutureTask.java:264)
at java.base/java.util.concurrent.ThreadPoolExecutor.runWorker(ThreadPoolExecutor.java:1130)
at java.base/java.util.concurrent.ThreadPoolExecutor$Worker.run(ThreadPoolExecutor.java:630)
at java.base/java.lang.Thread.run(Thread.java:831)
Caused by: io.cucumber.tagexpressions.TagExpressionException: Tag expression '@Registration, @Signin, @CommonSignin, @Buying, @Selling, @DailyDeals, @HelpAndContact' could not be parsed because of syntax error: expected operator
at io.cucumber.tagexpressions.TagExpressionParser.check(TagExpressionParser.java:136)
at io.cucumber.tagexpressions.TagExpressionParser.parse(TagExpressionParser.java:74)
at io.cucumber.tagexpressions.TagExpressionParser.parse(TagExpressionParser.java:27)
at io.cucumber.core.options.CucumberOptionsAnnotationParser.addTags(CucumberOptionsAnnotationParser.java:76)
... 24 more
... Removed 16 stack frames]]>
    </failure>
  </testcase> <!-- @BeforeClass setUpClass -->
</testsuite> <!-- Ebay Functionalities -->
