<?xml version="1.0" encoding="UTF-8"?>
<!-- Generated by org.testng.reporters.JUnitXMLReporter -->
<testsuite ignored="0" hostname="inlen8520015687" failures="0" tests="9" name="Assertions" time="102.66" errors="0" timestamp="2022-05-02T11:34:23 IST">
  <testcase classname="com.cg.Ebay.Functionalities.Registration.RegistrationStepDefinition" name="user_is_on_registration_page" time="14.442"/>
  <testcase classname="com.cg.Ebay.Functionalities.Login.SigninStepDefinition" name="user_is_on_login_page" time="9.94"/>
  <testcase classname="com.cg.Ebay.Functionalities.Buying.BuyingStepDefinition" name="user_is_logged_in" time="0.223"/>
  <testcase classname="com.cg.Ebay.Functionalities.Buying.BuyingStepDefinition" name="user_redirects_to_home_page" time="0.018"/>
  <testcase classname="com.cg.Ebay.Functionalities.Selling.SellingStepDefinition" name="user_is_on_login_page" time="9.607"/>
  <testcase classname="com.cg.Ebay.Functionalities.DailyDeals.DailyDealsStepDefinition" name="user_is_on_home_page" time="11.422"/>
  <testcase classname="com.cg.Ebay.Functionalities.HelpAndContact.HelpAndContactStepDefinition" name="user_clicks_on_help_contact_button" time="16.364"/>
  <testcase classname="com.cg.Ebay.Functionalities.HelpAndContact.HelpAndContactStepDefinition" name="user_clicks_on_query" time="3.325"/>
  <testcase classname="com.cg.Ebay.Functionalities.HelpAndContact.HelpAndContactStepDefinition" name="user_is_on_home_page" time="11.498"/>
</testsuite> <!-- Assertions -->
