<?xml version="1.0" encoding="UTF-8"?>
<!-- Generated by org.testng.reporters.JUnitXMLReporter -->
<testsuite ignored="0" hostname="inlen8520015687" failures="0" tests="10" name="Assertions" time="56.606" errors="0" timestamp="2022-05-03T10:53:25 IST">
  <testcase classname="com.cg.Ebay.Functionalities.Registration.RegistrationStepDefinition" name="user_is_on_registration_page" time="9.231"/>
  <testcase classname="com.cg.Ebay.Functionalities.Login.SigninStepDefinition" name="user_is_on_login_page" time="6.47"/>
  <testcase classname="com.cg.Ebay.Functionalities.Buying.BuyingStepDefinition" name="user_is_logged_in" time="0.069"/>
  <testcase classname="com.cg.Ebay.Functionalities.Buying.BuyingStepDefinition" name="user_is_redirected_to_home_page" time="0.005"/>
  <testcase classname="com.cg.Ebay.Functionalities.Selling.SellingStepDefinition" name="user_is_on_login" time="6.087"/>
  <testcase classname="com.cg.Ebay.Functionalities.Selling.SellingStepDefinition" name="user_is_signed_in" time="0.062"/>
  <testcase classname="com.cg.Ebay.Functionalities.DailyDeals.DailyDealsStepDefinition" name="user_is_on_home_page" time="7.253"/>
  <testcase classname="com.cg.Ebay.Functionalities.HelpAndContact.HelpAndContactStepDefinition" name="user_clicks_on_help_contact_button" time="3.898"/>
  <testcase classname="com.cg.Ebay.Functionalities.HelpAndContact.HelpAndContactStepDefinition" name="user_clicks_on_query" time="2.171"/>
  <testcase classname="com.cg.Ebay.Functionalities.HelpAndContact.HelpAndContactStepDefinition" name="user_is_on_home" time="6.34"/>
</testsuite> <!-- Assertions -->
