<?xml version="1.0" encoding="UTF-8"?>
<testng-results ignored="0" total="16" passed="16" failed="0" skipped="0">
  <reporter-output>
  </reporter-output>
  <suite started-at="2022-05-03T10:50:54 IST" name="Ebay Suite" finished-at="2022-05-03T10:53:25 IST" duration-ms="151699">
    <groups>
      <group name="cucumber">
        <method signature="AbstractTestNGCucumberTests.runScenario(io.cucumber.testng.PickleWrapper,io.cucumber.testng.FeatureWrapper)[pri:0, instance:com.cg.Ebay.Functionalities.Registration.RegistrationTestRunner@2f7298b]" name="runScenario" class="io.cucumber.testng.AbstractTestNGCucumberTests"/>
        <method signature="AbstractTestNGCucumberTests.runScenario(io.cucumber.testng.PickleWrapper,io.cucumber.testng.FeatureWrapper)[pri:0, instance:com.cg.Ebay.Functionalities.Login.SigninTestRunner@4f18837a]" name="runScenario" class="io.cucumber.testng.AbstractTestNGCucumberTests"/>
        <method signature="AbstractTestNGCucumberTests.runScenario(io.cucumber.testng.PickleWrapper,io.cucumber.testng.FeatureWrapper)[pri:0, instance:com.cg.Ebay.Functionalities.Buying.BuyingTestRunner@a514af7]" name="runScenario" class="io.cucumber.testng.AbstractTestNGCucumberTests"/>
        <method signature="AbstractTestNGCucumberTests.runScenario(io.cucumber.testng.PickleWrapper,io.cucumber.testng.FeatureWrapper)[pri:0, instance:com.cg.Ebay.Functionalities.Selling.SellingTestRunner@79924b]" name="runScenario" class="io.cucumber.testng.AbstractTestNGCucumberTests"/>
        <method signature="AbstractTestNGCucumberTests.runScenario(io.cucumber.testng.PickleWrapper,io.cucumber.testng.FeatureWrapper)[pri:0, instance:com.cg.Ebay.Functionalities.DailyDeals.DailyDealsTestRunner@294425a7]" name="runScenario" class="io.cucumber.testng.AbstractTestNGCucumberTests"/>
        <method signature="AbstractTestNGCucumberTests.runScenario(io.cucumber.testng.PickleWrapper,io.cucumber.testng.FeatureWrapper)[pri:0, instance:com.cg.Ebay.Functionalities.HelpAndContact.HelpAndContactTestRunner@59309333]" name="runScenario" class="io.cucumber.testng.AbstractTestNGCucumberTests"/>
      </group> <!-- cucumber -->
    </groups>
    <test started-at="2022-05-03T10:50:54 IST" name="Registration" finished-at="2022-05-03T10:51:10 IST" duration-ms="16428">
      <class name="com.cg.Ebay.Functionalities.Registration.RegistrationTestRunner">
        <test-method is-config="true" signature="setUpClass(org.testng.ITestContext)[pri:0, instance:com.cg.Ebay.Functionalities.Registration.RegistrationTestRunner@2f7298b]" started-at="2022-05-03T10:50:54 IST" name="setUpClass" finished-at="2022-05-03T10:50:54 IST" duration-ms="197" status="PASS">
          <params>
            <param index="0">
              <value>
                <![CDATA[org.testng.TestRunner@6ed3ccb2]]>
              </value>
            </param>
          </params>
          <reporter-output>
          </reporter-output>
        </test-method> <!-- setUpClass -->
        <test-method signature="runScenario(io.cucumber.testng.PickleWrapper,io.cucumber.testng.FeatureWrapper)[pri:0, instance:com.cg.Ebay.Functionalities.Registration.RegistrationTestRunner@2f7298b]" started-at="2022-05-03T10:50:54 IST" name="runScenario" description="Runs Cucumber Scenarios" data-provider="scenarios" finished-at="2022-05-03T10:51:10 IST" duration-ms="16191" status="PASS">
          <params>
            <param index="0">
              <value>
                <![CDATA["Registration successful for valid credential"]]>
              </value>
            </param>
            <param index="1">
              <value>
                <![CDATA["Registration Functionality"]]>
              </value>
            </param>
          </params>
          <reporter-output>
          </reporter-output>
        </test-method> <!-- runScenario -->
        <test-method is-config="true" signature="tearDownClass()[pri:0, instance:com.cg.Ebay.Functionalities.Registration.RegistrationTestRunner@2f7298b]" started-at="2022-05-03T10:51:10 IST" name="tearDownClass" finished-at="2022-05-03T10:51:10 IST" duration-ms="13" status="PASS">
          <reporter-output>
          </reporter-output>
        </test-method> <!-- tearDownClass -->
      </class> <!-- com.cg.Ebay.Functionalities.Registration.RegistrationTestRunner -->
    </test> <!-- Registration -->
    <test started-at="2022-05-03T10:51:10 IST" name="Signin" finished-at="2022-05-03T10:51:26 IST" duration-ms="16165">
      <class name="com.cg.Ebay.Functionalities.Login.SigninTestRunner">
        <test-method is-config="true" signature="setUpClass(org.testng.ITestContext)[pri:0, instance:com.cg.Ebay.Functionalities.Login.SigninTestRunner@4f18837a]" started-at="2022-05-03T10:51:10 IST" name="setUpClass" finished-at="2022-05-03T10:51:10 IST" duration-ms="12" status="PASS">
          <params>
            <param index="0">
              <value>
                <![CDATA[org.testng.TestRunner@1a677343]]>
              </value>
            </param>
          </params>
          <reporter-output>
          </reporter-output>
        </test-method> <!-- setUpClass -->
        <test-method signature="runScenario(io.cucumber.testng.PickleWrapper,io.cucumber.testng.FeatureWrapper)[pri:0, instance:com.cg.Ebay.Functionalities.Login.SigninTestRunner@4f18837a]" started-at="2022-05-03T10:51:10 IST" name="runScenario" description="Runs Cucumber Scenarios" data-provider="scenarios" finished-at="2022-05-03T10:51:26 IST" duration-ms="16146" status="PASS">
          <params>
            <param index="0">
              <value>
                <![CDATA["Login successful for valid credential"]]>
              </value>
            </param>
            <param index="1">
              <value>
                <![CDATA["Login Functionality"]]>
              </value>
            </param>
          </params>
          <reporter-output>
          </reporter-output>
        </test-method> <!-- runScenario -->
        <test-method is-config="true" signature="tearDownClass()[pri:0, instance:com.cg.Ebay.Functionalities.Login.SigninTestRunner@4f18837a]" started-at="2022-05-03T10:51:26 IST" name="tearDownClass" finished-at="2022-05-03T10:51:26 IST" duration-ms="3" status="PASS">
          <reporter-output>
          </reporter-output>
        </test-method> <!-- tearDownClass -->
      </class> <!-- com.cg.Ebay.Functionalities.Login.SigninTestRunner -->
    </test> <!-- Signin -->
    <test started-at="2022-05-03T10:51:26 IST" name="Buying" finished-at="2022-05-03T10:51:52 IST" duration-ms="25579">
      <class name="com.cg.Ebay.Functionalities.Buying.BuyingTestRunner">
        <test-method is-config="true" signature="setUpClass(org.testng.ITestContext)[pri:0, instance:com.cg.Ebay.Functionalities.Buying.BuyingTestRunner@a514af7]" started-at="2022-05-03T10:51:26 IST" name="setUpClass" finished-at="2022-05-03T10:51:26 IST" duration-ms="22" status="PASS">
          <params>
            <param index="0">
              <value>
                <![CDATA[org.testng.TestRunner@15de0b3c]]>
              </value>
            </param>
          </params>
          <reporter-output>
          </reporter-output>
        </test-method> <!-- setUpClass -->
        <test-method signature="runScenario(io.cucumber.testng.PickleWrapper,io.cucumber.testng.FeatureWrapper)[pri:0, instance:com.cg.Ebay.Functionalities.Buying.BuyingTestRunner@a514af7]" started-at="2022-05-03T10:51:26 IST" name="runScenario" description="Runs Cucumber Scenarios" data-provider="scenarios" finished-at="2022-05-03T10:51:52 IST" duration-ms="25555" status="PASS">
          <params>
            <param index="0">
              <value>
                <![CDATA["Buying a product"]]>
              </value>
            </param>
            <param index="1">
              <value>
                <![CDATA["Buying Functionality"]]>
              </value>
            </param>
          </params>
          <reporter-output>
          </reporter-output>
        </test-method> <!-- runScenario -->
        <test-method is-config="true" signature="tearDownClass()[pri:0, instance:com.cg.Ebay.Functionalities.Buying.BuyingTestRunner@a514af7]" started-at="2022-05-03T10:51:52 IST" name="tearDownClass" finished-at="2022-05-03T10:51:52 IST" duration-ms="1" status="PASS">
          <reporter-output>
          </reporter-output>
        </test-method> <!-- tearDownClass -->
      </class> <!-- com.cg.Ebay.Functionalities.Buying.BuyingTestRunner -->
    </test> <!-- Buying -->
    <test started-at="2022-05-03T10:51:52 IST" name="Selling" finished-at="2022-05-03T10:52:06 IST" duration-ms="14378">
      <class name="com.cg.Ebay.Functionalities.Selling.SellingTestRunner">
        <test-method is-config="true" signature="setUpClass(org.testng.ITestContext)[pri:0, instance:com.cg.Ebay.Functionalities.Selling.SellingTestRunner@79924b]" started-at="2022-05-03T10:51:52 IST" name="setUpClass" finished-at="2022-05-03T10:51:52 IST" duration-ms="10" status="PASS">
          <params>
            <param index="0">
              <value>
                <![CDATA[org.testng.TestRunner@489115ef]]>
              </value>
            </param>
          </params>
          <reporter-output>
          </reporter-output>
        </test-method> <!-- setUpClass -->
        <test-method signature="runScenario(io.cucumber.testng.PickleWrapper,io.cucumber.testng.FeatureWrapper)[pri:0, instance:com.cg.Ebay.Functionalities.Selling.SellingTestRunner@79924b]" started-at="2022-05-03T10:51:52 IST" name="runScenario" description="Runs Cucumber Scenarios" data-provider="scenarios" finished-at="2022-05-03T10:52:06 IST" duration-ms="14364" status="PASS">
          <params>
            <param index="0">
              <value>
                <![CDATA["Selling a product"]]>
              </value>
            </param>
            <param index="1">
              <value>
                <![CDATA["Selling Functionality"]]>
              </value>
            </param>
          </params>
          <reporter-output>
          </reporter-output>
        </test-method> <!-- runScenario -->
        <test-method is-config="true" signature="tearDownClass()[pri:0, instance:com.cg.Ebay.Functionalities.Selling.SellingTestRunner@79924b]" started-at="2022-05-03T10:52:06 IST" name="tearDownClass" finished-at="2022-05-03T10:52:06 IST" duration-ms="3" status="PASS">
          <reporter-output>
          </reporter-output>
        </test-method> <!-- tearDownClass -->
      </class> <!-- com.cg.Ebay.Functionalities.Selling.SellingTestRunner -->
    </test> <!-- Selling -->
    <test started-at="2022-05-03T10:52:06 IST" name="DailyDeals" finished-at="2022-05-03T10:52:16 IST" duration-ms="9464">
      <class name="com.cg.Ebay.Functionalities.DailyDeals.DailyDealsTestRunner">
        <test-method is-config="true" signature="setUpClass(org.testng.ITestContext)[pri:0, instance:com.cg.Ebay.Functionalities.DailyDeals.DailyDealsTestRunner@294425a7]" started-at="2022-05-03T10:52:06 IST" name="setUpClass" finished-at="2022-05-03T10:52:06 IST" duration-ms="18" status="PASS">
          <params>
            <param index="0">
              <value>
                <![CDATA[org.testng.TestRunner@3857f613]]>
              </value>
            </param>
          </params>
          <reporter-output>
          </reporter-output>
        </test-method> <!-- setUpClass -->
        <test-method signature="runScenario(io.cucumber.testng.PickleWrapper,io.cucumber.testng.FeatureWrapper)[pri:0, instance:com.cg.Ebay.Functionalities.DailyDeals.DailyDealsTestRunner@294425a7]" started-at="2022-05-03T10:52:06 IST" name="runScenario" description="Runs Cucumber Scenarios" data-provider="scenarios" finished-at="2022-05-03T10:52:16 IST" duration-ms="9439" status="PASS">
          <params>
            <param index="0">
              <value>
                <![CDATA["Checking Daily Deals"]]>
              </value>
            </param>
            <param index="1">
              <value>
                <![CDATA["Daily Deals Functionality"]]>
              </value>
            </param>
          </params>
          <reporter-output>
          </reporter-output>
        </test-method> <!-- runScenario -->
        <test-method is-config="true" signature="tearDownClass()[pri:0, instance:com.cg.Ebay.Functionalities.DailyDeals.DailyDealsTestRunner@294425a7]" started-at="2022-05-03T10:52:16 IST" name="tearDownClass" finished-at="2022-05-03T10:52:16 IST" duration-ms="2" status="PASS">
          <reporter-output>
          </reporter-output>
        </test-method> <!-- tearDownClass -->
      </class> <!-- com.cg.Ebay.Functionalities.DailyDeals.DailyDealsTestRunner -->
    </test> <!-- DailyDeals -->
    <test started-at="2022-05-03T10:52:16 IST" name="HelpAndContact" finished-at="2022-05-03T10:52:29 IST" duration-ms="12961">
      <class name="com.cg.Ebay.Functionalities.HelpAndContact.HelpAndContactTestRunner">
        <test-method is-config="true" signature="setUpClass(org.testng.ITestContext)[pri:0, instance:com.cg.Ebay.Functionalities.HelpAndContact.HelpAndContactTestRunner@59309333]" started-at="2022-05-03T10:52:16 IST" name="setUpClass" finished-at="2022-05-03T10:52:16 IST" duration-ms="13" status="PASS">
          <params>
            <param index="0">
              <value>
                <![CDATA[org.testng.TestRunner@198b6731]]>
              </value>
            </param>
          </params>
          <reporter-output>
          </reporter-output>
        </test-method> <!-- setUpClass -->
        <test-method signature="runScenario(io.cucumber.testng.PickleWrapper,io.cucumber.testng.FeatureWrapper)[pri:0, instance:com.cg.Ebay.Functionalities.HelpAndContact.HelpAndContactTestRunner@59309333]" started-at="2022-05-03T10:52:16 IST" name="runScenario" description="Runs Cucumber Scenarios" data-provider="scenarios" finished-at="2022-05-03T10:52:29 IST" duration-ms="12944" status="PASS">
          <params>
            <param index="0">
              <value>
                <![CDATA["Checking Daily Deals"]]>
              </value>
            </param>
            <param index="1">
              <value>
                <![CDATA["Help & Contact Functionality"]]>
              </value>
            </param>
          </params>
          <reporter-output>
          </reporter-output>
        </test-method> <!-- runScenario -->
        <test-method is-config="true" signature="tearDownClass()[pri:0, instance:com.cg.Ebay.Functionalities.HelpAndContact.HelpAndContactTestRunner@59309333]" started-at="2022-05-03T10:52:29 IST" name="tearDownClass" finished-at="2022-05-03T10:52:29 IST" duration-ms="3" status="PASS">
          <reporter-output>
          </reporter-output>
        </test-method> <!-- tearDownClass -->
      </class> <!-- com.cg.Ebay.Functionalities.HelpAndContact.HelpAndContactTestRunner -->
    </test> <!-- HelpAndContact -->
    <test started-at="2022-05-03T10:52:29 IST" name="Assertions" finished-at="2022-05-03T10:53:25 IST" duration-ms="56606">
      <class name="com.cg.Ebay.Functionalities.Login.SigninStepDefinition">
        <test-method signature="user_is_on_login_page()[pri:0, instance:com.cg.Ebay.Functionalities.Login.SigninStepDefinition@6f1de4c7]" started-at="2022-05-03T10:52:51 IST" name="user_is_on_login_page" finished-at="2022-05-03T10:52:57 IST" duration-ms="6470" status="PASS">
          <reporter-output>
          </reporter-output>
        </test-method> <!-- user_is_on_login_page -->
        <test-method is-config="true" signature="user_redirects_to_home_page()[pri:0, instance:com.cg.Ebay.Functionalities.Login.SigninStepDefinition@6f1de4c7]" started-at="2022-05-03T10:53:24 IST" name="user_redirects_to_home_page" finished-at="2022-05-03T10:53:25 IST" duration-ms="278" status="PASS">
          <reporter-output>
          </reporter-output>
        </test-method> <!-- user_redirects_to_home_page -->
      </class> <!-- com.cg.Ebay.Functionalities.Login.SigninStepDefinition -->
      <class name="com.cg.Ebay.Functionalities.HelpAndContact.HelpAndContactStepDefinition">
        <test-method is-config="true" signature="user_is_on_home()[pri:0, instance:com.cg.Ebay.Functionalities.HelpAndContact.HelpAndContactStepDefinition@7c7b252e]" started-at="2022-05-03T10:52:32 IST" name="user_is_on_home" finished-at="2022-05-03T10:52:37 IST" duration-ms="4306" status="PASS">
          <reporter-output>
          </reporter-output>
        </test-method> <!-- user_is_on_home -->
        <test-method signature="user_clicks_on_help_contact_button()[pri:0, instance:com.cg.Ebay.Functionalities.HelpAndContact.HelpAndContactStepDefinition@7c7b252e]" started-at="2022-05-03T10:53:11 IST" name="user_clicks_on_help_contact_button" finished-at="2022-05-03T10:53:15 IST" duration-ms="3898" status="PASS">
          <reporter-output>
          </reporter-output>
        </test-method> <!-- user_clicks_on_help_contact_button -->
        <test-method signature="user_clicks_on_query()[pri:0, instance:com.cg.Ebay.Functionalities.HelpAndContact.HelpAndContactStepDefinition@7c7b252e]" started-at="2022-05-03T10:53:15 IST" name="user_clicks_on_query" finished-at="2022-05-03T10:53:17 IST" duration-ms="2171" status="PASS">
          <reporter-output>
          </reporter-output>
        </test-method> <!-- user_clicks_on_query -->
        <test-method signature="user_is_on_home()[pri:0, instance:com.cg.Ebay.Functionalities.HelpAndContact.HelpAndContactStepDefinition@7c7b252e]" started-at="2022-05-03T10:53:17 IST" name="user_is_on_home" finished-at="2022-05-03T10:53:23 IST" duration-ms="6340" status="PASS">
          <reporter-output>
          </reporter-output>
        </test-method> <!-- user_is_on_home -->
        <test-method is-config="true" signature="user_redirects_to_query_page()[pri:0, instance:com.cg.Ebay.Functionalities.HelpAndContact.HelpAndContactStepDefinition@7c7b252e]" started-at="2022-05-03T10:53:24 IST" name="user_redirects_to_query_page" finished-at="2022-05-03T10:53:24 IST" duration-ms="317" status="PASS">
          <reporter-output>
          </reporter-output>
        </test-method> <!-- user_redirects_to_query_page -->
      </class> <!-- com.cg.Ebay.Functionalities.HelpAndContact.HelpAndContactStepDefinition -->
      <class name="com.cg.Ebay.Functionalities.Selling.SellingStepDefinition">
        <test-method is-config="true" signature="user_is_on_login()[pri:0, instance:com.cg.Ebay.Functionalities.Selling.SellingStepDefinition@128d2484]" started-at="2022-05-03T10:52:37 IST" name="user_is_on_login" finished-at="2022-05-03T10:52:42 IST" duration-ms="4824" status="PASS">
          <reporter-output>
          </reporter-output>
        </test-method> <!-- user_is_on_login -->
        <test-method signature="user_is_on_login()[pri:0, instance:com.cg.Ebay.Functionalities.Selling.SellingStepDefinition@128d2484]" started-at="2022-05-03T10:52:57 IST" name="user_is_on_login" finished-at="2022-05-03T10:53:03 IST" duration-ms="6087" status="PASS">
          <reporter-output>
          </reporter-output>
        </test-method> <!-- user_is_on_login -->
        <test-method signature="user_is_signed_in()[pri:0, instance:com.cg.Ebay.Functionalities.Selling.SellingStepDefinition@128d2484]" started-at="2022-05-03T10:53:03 IST" name="user_is_signed_in" finished-at="2022-05-03T10:53:03 IST" duration-ms="62" status="PASS">
          <reporter-output>
          </reporter-output>
        </test-method> <!-- user_is_signed_in -->
        <test-method is-config="true" signature="user_redirects_to_sell_page()[pri:0, instance:com.cg.Ebay.Functionalities.Selling.SellingStepDefinition@128d2484]" started-at="2022-05-03T10:53:25 IST" name="user_redirects_to_sell_page" finished-at="2022-05-03T10:53:25 IST" duration-ms="289" status="PASS">
          <reporter-output>
          </reporter-output>
        </test-method> <!-- user_redirects_to_sell_page -->
      </class> <!-- com.cg.Ebay.Functionalities.Selling.SellingStepDefinition -->
      <class name="com.cg.Ebay.Functionalities.Buying.BuyingStepDefinition">
        <test-method is-config="true" signature="user_is_on_signin_page()[pri:0, instance:com.cg.Ebay.Functionalities.Buying.BuyingStepDefinition@459e9125]" started-at="2022-05-03T10:52:29 IST" name="user_is_on_signin_page" finished-at="2022-05-03T10:52:32 IST" duration-ms="3791" status="PASS">
          <reporter-output>
          </reporter-output>
        </test-method> <!-- user_is_on_signin_page -->
        <test-method signature="user_is_logged_in()[pri:0, instance:com.cg.Ebay.Functionalities.Buying.BuyingStepDefinition@459e9125]" started-at="2022-05-03T10:52:57 IST" name="user_is_logged_in" finished-at="2022-05-03T10:52:57 IST" duration-ms="69" status="PASS">
          <reporter-output>
          </reporter-output>
        </test-method> <!-- user_is_logged_in -->
        <test-method signature="user_is_redirected_to_home_page()[pri:0, instance:com.cg.Ebay.Functionalities.Buying.BuyingStepDefinition@459e9125]" started-at="2022-05-03T10:52:57 IST" name="user_is_redirected_to_home_page" finished-at="2022-05-03T10:52:57 IST" duration-ms="5" status="PASS">
          <reporter-output>
          </reporter-output>
        </test-method> <!-- user_is_redirected_to_home_page -->
        <test-method is-config="true" signature="user_redirects_to_payments_page()[pri:0, instance:com.cg.Ebay.Functionalities.Buying.BuyingStepDefinition@459e9125]" started-at="2022-05-03T10:53:23 IST" name="user_redirects_to_payments_page" finished-at="2022-05-03T10:53:24 IST" duration-ms="475" status="PASS">
          <reporter-output>
          </reporter-output>
        </test-method> <!-- user_redirects_to_payments_page -->
      </class> <!-- com.cg.Ebay.Functionalities.Buying.BuyingStepDefinition -->
      <class name="com.cg.Ebay.Functionalities.Registration.RegistrationStepDefinition">
        <test-method signature="user_is_on_registration_page()[pri:0, instance:com.cg.Ebay.Functionalities.Registration.RegistrationStepDefinition@5c6648b0]" started-at="2022-05-03T10:52:42 IST" name="user_is_on_registration_page" finished-at="2022-05-03T10:52:51 IST" duration-ms="9231" status="PASS">
          <reporter-output>
          </reporter-output>
        </test-method> <!-- user_is_on_registration_page -->
        <test-method is-config="true" signature="user_redirects_to_login_page()[pri:0, instance:com.cg.Ebay.Functionalities.Registration.RegistrationStepDefinition@5c6648b0]" started-at="2022-05-03T10:53:25 IST" name="user_redirects_to_login_page" finished-at="2022-05-03T10:53:25 IST" duration-ms="238" status="PASS">
          <reporter-output>
          </reporter-output>
        </test-method> <!-- user_redirects_to_login_page -->
      </class> <!-- com.cg.Ebay.Functionalities.Registration.RegistrationStepDefinition -->
      <class name="com.cg.Ebay.Functionalities.DailyDeals.DailyDealsStepDefinition">
        <test-method signature="user_is_on_home_page()[pri:0, instance:com.cg.Ebay.Functionalities.DailyDeals.DailyDealsStepDefinition@7cc0cdad]" started-at="2022-05-03T10:53:03 IST" name="user_is_on_home_page" finished-at="2022-05-03T10:53:11 IST" duration-ms="7253" status="PASS">
          <reporter-output>
          </reporter-output>
        </test-method> <!-- user_is_on_home_page -->
        <test-method is-config="true" signature="user_redirects_to_shopping_cart_page()[pri:0, instance:com.cg.Ebay.Functionalities.DailyDeals.DailyDealsStepDefinition@7cc0cdad]" started-at="2022-05-03T10:53:24 IST" name="user_redirects_to_shopping_cart_page" finished-at="2022-05-03T10:53:24 IST" duration-ms="494" status="PASS">
          <reporter-output>
          </reporter-output>
        </test-method> <!-- user_redirects_to_shopping_cart_page -->
      </class> <!-- com.cg.Ebay.Functionalities.DailyDeals.DailyDealsStepDefinition -->
    </test> <!-- Assertions -->
  </suite> <!-- Ebay Suite -->
</testng-results>
