<?xml version="1.0" encoding="UTF-8"?>
<testsuite xmlns:xsi="http://www.w3.org/2001/XMLSchema-instance" xsi:noNamespaceSchemaLocation="https://maven.apache.org/surefire/maven-surefire-plugin/xsd/surefire-test-report.xsd" name="TestSuite" time="152.35" tests="16" errors="0" skipped="0" failures="0">
  <properties>
[...]
</properties>
  <testcase name="runScenario" classname="com.cg.Ebay.Functionalities.Registration.RegistrationTestRunner" time="16.194"/>
  <testcase name="runScenario" classname="com.cg.Ebay.Functionalities.Login.SigninTestRunner" time="16.144"/>
  <testcase name="runScenario" classname="com.cg.Ebay.Functionalities.Buying.BuyingTestRunner" time="25.554"/>
  <testcase name="runScenario" classname="com.cg.Ebay.Functionalities.Selling.SellingTestRunner" time="14.363"/>
  <testcase name="runScenario" classname="com.cg.Ebay.Functionalities.DailyDeals.DailyDealsTestRunner" time="9.439"/>
  <testcase name="runScenario" classname="com.cg.Ebay.Functionalities.HelpAndContact.HelpAndContactTestRunner" time="12.944"/>
  <testcase name="user_is_on_registration_page" classname="com.cg.Ebay.Functionalities.Registration.RegistrationStepDefinition" time="9.23"/>
  <testcase name="user_is_on_login_page" classname="com.cg.Ebay.Functionalities.Login.SigninStepDefinition" time="6.471"/>
  <testcase name="user_is_logged_in" classname="com.cg.Ebay.Functionalities.Buying.BuyingStepDefinition" time="0.069"/>
  <testcase name="user_is_redirected_to_home_page" classname="com.cg.Ebay.Functionalities.Buying.BuyingStepDefinition" time="0.005"/>
  <testcase name="user_is_on_login" classname="com.cg.Ebay.Functionalities.Selling.SellingStepDefinition" time="6.088"/>
  <testcase name="user_is_signed_in" classname="com.cg.Ebay.Functionalities.Selling.SellingStepDefinition" time="0.061"/>
  <testcase name="user_is_on_home_page" classname="com.cg.Ebay.Functionalities.DailyDeals.DailyDealsStepDefinition" time="7.253"/>
  <testcase name="user_clicks_on_help_contact_button" classname="com.cg.Ebay.Functionalities.HelpAndContact.HelpAndContactStepDefinition" time="3.897"/>
  <testcase name="user_clicks_on_query" classname="com.cg.Ebay.Functionalities.HelpAndContact.HelpAndContactStepDefinition" time="2.172"/>
  <testcase name="user_is_on_home" classname="com.cg.Ebay.Functionalities.HelpAndContact.HelpAndContactStepDefinition" time="6.339"/>
</testsuite>