<?xml version="1.0" encoding="UTF-8"?>
<testng-results ignored="0" total="1" passed="1" failed="0" skipped="0">
  <reporter-output>
  </reporter-output>
  <suite started-at="2022-05-03T11:10:18 IST" name="Default suite" finished-at="2022-05-03T11:10:36 IST" duration-ms="17729">
    <groups>
      <group name="cucumber">
        <method signature="AbstractTestNGCucumberTests.runScenario(io.cucumber.testng.PickleWrapper,io.cucumber.testng.FeatureWrapper)[pri:0, instance:com.cg.Ebay.Functionalities.Registration.RegistrationTestRunner@175c2241]" name="runScenario" class="io.cucumber.testng.AbstractTestNGCucumberTests"/>
      </group> <!-- cucumber -->
    </groups>
    <test started-at="2022-05-03T11:10:18 IST" name="Default test" finished-at="2022-05-03T11:10:36 IST" duration-ms="17729">
      <class name="com.cg.Ebay.Functionalities.Registration.RegistrationTestRunner">
        <test-method is-config="true" signature="setUpClass(org.testng.ITestContext)[pri:0, instance:com.cg.Ebay.Functionalities.Registration.RegistrationTestRunner@175c2241]" started-at="2022-05-03T11:10:18 IST" name="setUpClass" finished-at="2022-05-03T11:10:18 IST" duration-ms="160" status="PASS">
          <params>
            <param index="0">
              <value>
                <![CDATA[org.testng.TestRunner@3e05586b]]>
              </value>
            </param>
          </params>
          <reporter-output>
          </reporter-output>
        </test-method> <!-- setUpClass -->
        <test-method signature="runScenario(io.cucumber.testng.PickleWrapper,io.cucumber.testng.FeatureWrapper)[pri:0, instance:com.cg.Ebay.Functionalities.Registration.RegistrationTestRunner@175c2241]" started-at="2022-05-03T11:10:18 IST" name="runScenario" description="Runs Cucumber Scenarios" data-provider="scenarios" finished-at="2022-05-03T11:10:36 IST" duration-ms="17526" status="PASS">
          <params>
            <param index="0">
              <value>
                <![CDATA["Registration successful for valid credential"]]>
              </value>
            </param>
            <param index="1">
              <value>
                <![CDATA["Registration Functionality"]]>
              </value>
            </param>
          </params>
          <reporter-output>
          </reporter-output>
        </test-method> <!-- runScenario -->
        <test-method is-config="true" signature="tearDownClass()[pri:0, instance:com.cg.Ebay.Functionalities.Registration.RegistrationTestRunner@175c2241]" started-at="2022-05-03T11:10:36 IST" name="tearDownClass" finished-at="2022-05-03T11:10:36 IST" duration-ms="8" status="PASS">
          <reporter-output>
          </reporter-output>
        </test-method> <!-- tearDownClass -->
      </class> <!-- com.cg.Ebay.Functionalities.Registration.RegistrationTestRunner -->
    </test> <!-- Default test -->
  </suite> <!-- Default suite -->
</testng-results>
