<?xml version="1.0" encoding="UTF-8"?>
<testng-results ignored="0" total="1" passed="1" failed="0" skipped="0">
  <reporter-output>
  </reporter-output>
  <suite started-at="2022-05-02T11:27:38 IST" name="Default suite" finished-at="2022-05-02T11:27:42 IST" duration-ms="3922">
    <groups>
    </groups>
    <test started-at="2022-05-02T11:27:38 IST" name="Default test" finished-at="2022-05-02T11:27:42 IST" duration-ms="3922">
      <class name="com.cg.Ebay.Functionalities.DailyDeals.DailyDealsStepDefinition">
        <test-method signature="user_is_on_home_page()[pri:0, instance:com.cg.Ebay.Functionalities.DailyDeals.DailyDealsStepDefinition@5fe94a96]" started-at="2022-05-02T11:27:38 IST" name="user_is_on_home_page" finished-at="2022-05-02T11:27:41 IST" duration-ms="3804" status="PASS">
          <reporter-output>
          </reporter-output>
        </test-method> <!-- user_is_on_home_page -->
        <test-method is-config="true" signature="user_redirects_to_shopping_cart_page()[pri:0, instance:com.cg.Ebay.Functionalities.DailyDeals.DailyDealsStepDefinition@5fe94a96]" started-at="2022-05-02T11:27:41 IST" name="user_redirects_to_shopping_cart_page" finished-at="2022-05-02T11:27:42 IST" duration-ms="86" status="PASS">
          <reporter-output>
          </reporter-output>
        </test-method> <!-- user_redirects_to_shopping_cart_page -->
      </class> <!-- com.cg.Ebay.Functionalities.DailyDeals.DailyDealsStepDefinition -->
    </test> <!-- Default test -->
  </suite> <!-- Default suite -->
</testng-results>
