<?xml version="1.0" encoding="UTF-8"?>
<!-- Generated by org.testng.reporters.JUnitReportReporter -->
<testsuite hostname="inlen8520015687" failures="0" tests="1" name="com.cg.Ebay.Functionalities.Registration.RegistrationTestRunner" time="43.539" errors="0" timestamp="2022-05-01T12:32:39 IST" skipped="0">
  <testcase classname="com.cg.Ebay.Functionalities.Registration.RegistrationTestRunner" name="runScenario" time="43.539"/>
  <system-out/>
</testsuite> <!-- com.cg.Ebay.Functionalities.Registration.RegistrationTestRunner -->
