<?xml version="1.0" encoding="UTF-8"?>
<!-- Generated by org.testng.reporters.JUnitReportReporter -->
<testsuite hostname="inlen8520015687" failures="0" tests="1" name="com.cg.Ebay.Functionalities.Login.SigninTestRunner" time="67.905" errors="1" timestamp="2022-05-01T12:32:39 IST" skipped="0">
  <testcase classname="com.cg.Ebay.Functionalities.Login.SigninTestRunner" name="runScenario" time="67.905">
    <error message="Expected condition failed: waiting for element to be clickable: By.xpath: //input[@id=&#039;pass&#039;] (tried for 50 second(s) with 500 milliseconds interval)
Build info: version: &#039;4.1.4&#039;, revision: &#039;535d840ee2&#039;
System info: host: &#039;INLEN8520015687&#039;, ip: &#039;192.168.0.12&#039;, os.name: &#039;Windows 10&#039;, os.arch: &#039;amd64&#039;, os.version: &#039;10.0&#039;, java.version: &#039;16&#039;
Driver info: org.openqa.selenium.chrome.ChromeDriver
Capabilities {acceptInsecureCerts: false, browserName: chrome, browserVersion: 100.0.4896.127, chrome: {chromedriverVersion: 100.0.4896.60 (6a5d10861ce8..., userDataDir: C:\Users\DEBOJYBH\AppData\L...}, goog:chromeOptions: {debuggerAddress: localhost:59876}, javascriptEnabled: true, networkConnectionEnabled: false, pageLoadStrategy: normal, platform: WINDOWS, platformName: WINDOWS, proxy: Proxy(), se:cdp: ws://localhost:59876/devtoo..., se:cdpVersion: 100.0.4896.127, setWindowRect: true, strictFileInteractability: false, timeouts: {implicit: 0, pageLoad: 300000, script: 30000}, unhandledPromptBehavior: dismiss and notify, webauthn:extension:credBlob: true, webauthn:extension:largeBlob: true, webauthn:virtualAuthenticators: true}
Session ID: 52cf3c9b76be03be4d7b772d6d630705" type="org.openqa.selenium.TimeoutException">
      <![CDATA[org.openqa.selenium.TimeoutException: Expected condition failed: waiting for element to be clickable: By.xpath: //input[@id='pass'] (tried for 50 second(s) with 500 milliseconds interval)
Build info: version: '4.1.4', revision: '535d840ee2'
System info: host: 'INLEN8520015687', ip: '192.168.0.12', os.name: 'Windows 10', os.arch: 'amd64', os.version: '10.0', java.version: '16'
Driver info: org.openqa.selenium.chrome.ChromeDriver
Capabilities {acceptInsecureCerts: false, browserName: chrome, browserVersion: 100.0.4896.127, chrome: {chromedriverVersion: 100.0.4896.60 (6a5d10861ce8..., userDataDir: C:\Users\DEBOJYBH\AppData\L...}, goog:chromeOptions: {debuggerAddress: localhost:59876}, javascriptEnabled: true, networkConnectionEnabled: false, pageLoadStrategy: normal, platform: WINDOWS, platformName: WINDOWS, proxy: Proxy(), se:cdp: ws://localhost:59876/devtoo..., se:cdpVersion: 100.0.4896.127, setWindowRect: true, strictFileInteractability: false, timeouts: {implicit: 0, pageLoad: 300000, script: 30000}, unhandledPromptBehavior: dismiss and notify, webauthn:extension:credBlob: true, webauthn:extension:largeBlob: true, webauthn:virtualAuthenticators: true}
Session ID: 52cf3c9b76be03be4d7b772d6d630705
at org.openqa.selenium.support.ui.WebDriverWait.timeoutException(WebDriverWait.java:87)
at org.openqa.selenium.support.ui.FluentWait.until(FluentWait.java:231)
at com.cg.PageBin.SigninPom.typePassword(SigninPom.java:56)
at com.cg.Ebay.Functionalities.Login.SigninStepDefinition.user_enters_email_clicks_on_continue_button_and_enters_password_clicks_on_sign_in_button(SigninStepDefinition.java:39)
at ✽.User enters email, clicks on Continue button and enters password, clicks on sign in button(file:///C:/Users/DEBOJYBH/eclipse-workspace/Sprint2/src/test/resources/Features/Signin.feature:6)
]]>
    </error>
  </testcase> <!-- runScenario -->
  <system-out/>
</testsuite> <!-- com.cg.Ebay.Functionalities.Login.SigninTestRunner -->
