<?xml version="1.0" encoding="UTF-8"?>
<!-- Generated by org.testng.reporters.JUnitReportReporter -->
<testsuite hostname="inlen8520015687" failures="0" tests="1" name="com.cg.Ebay.Functionalities.Registration.RegistrationStepDefinition" time="7.738" errors="0" timestamp="2022-05-02T11:13:20 IST" skipped="0">
  <testcase classname="com.cg.Ebay.Functionalities.Registration.RegistrationStepDefinition" name="user_is_on_registration_page" time="7.738"/>
  <system-out/>
</testsuite> <!-- com.cg.Ebay.Functionalities.Registration.RegistrationStepDefinition -->
