<?xml version="1.0" encoding="UTF-8"?>
<!-- Generated by org.testng.reporters.JUnitReportReporter -->
<testsuite hostname="inlen8520015687" failures="0" tests="1" name="com.cg.Ebay.Functionalities.HelpAndContact.HelpAndContactTestRunner" time="3.937" errors="1" timestamp="2022-05-02T10:25:47 IST" skipped="0">
  <testcase classname="com.cg.Ebay.Functionalities.HelpAndContact.HelpAndContactTestRunner" name="runScenario" time="3.937">
    <error message="Cannot invoke &quot;org.testng.asserts.SoftAssert.assertEquals(String, String)&quot; because &quot;this.softassert&quot; is null" type="java.lang.NullPointerException">
      <![CDATA[java.lang.NullPointerException: Cannot invoke "org.testng.asserts.SoftAssert.assertEquals(String, String)" because "this.softassert" is null
at com.cg.Ebay.Functionalities.HelpAndContact.HelpAndContactStepDefinition.user_is_on_home_page(HelpAndContactStepDefinition.java:34)
at ✽.User is on Home page(file:///C:/Users/DEBOJYBH/eclipse-workspace/Sprint2/src/test/resources/Features/HelpAndContact.feature:5)
]]>
    </error>
  </testcase> <!-- runScenario -->
  <system-out/>
</testsuite> <!-- com.cg.Ebay.Functionalities.HelpAndContact.HelpAndContactTestRunner -->
