<?xml version="1.0" encoding="UTF-8"?>
<!-- Generated by org.testng.reporters.JUnitReportReporter -->
<testsuite hostname="inlen8520015687" failures="0" tests="1" name="com.cg.Ebay.Functionalities.DailyDeals.DailyDealsTestRunner" time="9.439" errors="0" timestamp="2022-05-03T10:53:25 IST" skipped="0">
  <testcase classname="com.cg.Ebay.Functionalities.DailyDeals.DailyDealsTestRunner" name="runScenario" time="9.439"/>
  <system-out/>
</testsuite> <!-- com.cg.Ebay.Functionalities.DailyDeals.DailyDealsTestRunner -->
