<?xml version="1.0" encoding="UTF-8"?>
<!-- Generated by org.testng.reporters.JUnitReportReporter -->
<testsuite hostname="inlen8520015687" failures="0" tests="1" name="com.cg.Ebay.Functionalities.DailyDeals.DailyDealsTestRunner" time="12.102" errors="0" timestamp="2022-05-02T11:34:23 IST" skipped="0">
  <testcase classname="com.cg.Ebay.Functionalities.DailyDeals.DailyDealsTestRunner" name="runScenario" time="12.102"/>
  <system-out/>
</testsuite> <!-- com.cg.Ebay.Functionalities.DailyDeals.DailyDealsTestRunner -->
